# JRE version: OpenJDK Runtime Environment (11.0.15) (build 11.0.15+0-b2043.56-9505619)
# Java VM: OpenJDK 64-Bit Server VM (11.0.15+0-b2043.56-9505619, mixed mode, tiered, compressed oops, g1 gc, windows-amd64)
Heap:
 garbage-first heap   total 144384K, used 62464K [0x0000000080000000, 0x0000000100000000)
  region size 1024K, 2 young (2048K), 2 survivors (2048K)
 Metaspace       used 43096K, capacity 44222K, committed 44336K, reserved 1087488K
  class space    used 5496K, capacity 5925K, committed 6016K, reserved 1048576K
GC Heap History (20 events):
Event: 32.275 GC heap after
{Heap after GC invocations=30 (full 0):
 garbage-first heap   total 57344K, used 53140K [0x0000000080000000, 0x0000000100000000)
  region size 1024K, 1 young (1024K), 1 survivors (1024K)
 Metaspace       used 28503K, capacity 29422K, committed 29616K, reserved 1075200K
  class space    used 3759K, capacity 4065K, committed 4096K, reserved 1048576K
}
Event: 32.308 GC heap before
{Heap before GC invocations=30 (full 0):
 garbage-first heap   total 57344K, used 53140K [0x0000000080000000, 0x0000000100000000)
  region size 1024K, 2 young (2048K), 1 survivors (1024K)
 Metaspace       used 28698K, capacity 29614K, committed 29872K, reserved 1075200K
  class space    used 3760K, capacity 4065K, committed 4096K, reserved 1048576K
}
Event: 32.310 GC heap after
{Heap after GC invocations=31 (full 0):
 garbage-first heap   total 57344K, used 53513K [0x0000000080000000, 0x0000000100000000)
  region size 1024K, 1 young (1024K), 1 survivors (1024K)
 Metaspace       used 28698K, capacity 29614K, committed 29872K, reserved 1075200K
  class space    used 3760K, capacity 4065K, committed 4096K, reserved 1048576K
}
Event: 32.369 GC heap before
{Heap before GC invocations=32 (full 0):
 garbage-first heap   total 57344K, used 54537K [0x0000000080000000, 0x0000000100000000)
  region size 1024K, 2 young (2048K), 1 survivors (1024K)
 Metaspace       used 28818K, capacity 29713K, committed 30000K, reserved 1075200K
  class space    used 3781K, capacity 4098K, committed 4224K, reserved 1048576K
}
Event: 32.375 GC heap after
{Heap after GC invocations=33 (full 0):
 garbage-first heap   total 69632K, used 53159K [0x0000000080000000, 0x0000000100000000)
  region size 1024K, 1 young (1024K), 1 survivors (1024K)
 Metaspace       used 28818K, capacity 29713K, committed 30000K, reserved 1075200K
  class space    used 3781K, capacity 4098K, committed 4224K, reserved 1048576K
}
Event: 32.524 GC heap before
{Heap before GC invocations=33 (full 0):
 garbage-first heap   total 69632K, used 57255K [0x0000000080000000, 0x0000000100000000)
  region size 1024K, 6 young (6144K), 1 survivors (1024K)
 Metaspace       used 29116K, capacity 30033K, committed 30256K, reserved 1075200K
  class space    used 3828K, capacity 4162K, committed 4224K, reserved 1048576K
}
Event: 32.527 GC heap after
{Heap after GC invocations=34 (full 0):
 garbage-first heap   total 69632K, used 53306K [0x0000000080000000, 0x0000000100000000)
  region size 1024K, 1 young (1024K), 1 survivors (1024K)
 Metaspace       used 29116K, capacity 30033K, committed 30256K, reserved 1075200K
  class space    used 3828K, capacity 4162K, committed 4224K, reserved 1048576K
}
Event: 32.755 GC heap before
{Heap before GC invocations=35 (full 0):
 garbage-first heap   total 69632K, used 58426K [0x0000000080000000, 0x0000000100000000)
  region size 1024K, 6 young (6144K), 1 survivors (1024K)
 Metaspace       used 29444K, capacity 30330K, committed 30512K, reserved 1075200K
  class space    used 3883K, capacity 4197K, committed 4224K, reserved 1048576K
}
Event: 32.757 GC heap after
{Heap after GC invocations=36 (full 0):
 garbage-first heap   total 69632K, used 53388K [0x0000000080000000, 0x0000000100000000)
  region size 1024K, 1 young (1024K), 1 survivors (1024K)
 Metaspace       used 29444K, capacity 30330K, committed 30512K, reserved 1075200K
  class space    used 3883K, capacity 4197K, committed 4224K, reserved 1048576K
}
Event: 32.934 GC heap before
{Heap before GC invocations=36 (full 0):
 garbage-first heap   total 69632K, used 58508K [0x0000000080000000, 0x0000000100000000)
  region size 1024K, 6 young (6144K), 1 survivors (1024K)
 Metaspace       used 29829K, capacity 30764K, committed 30896K, reserved 1075200K
  class space    used 3952K, capacity 4279K, committed 4352K, reserved 1048576K
}
Event: 32.937 GC heap after
{Heap after GC invocations=37 (full 0):
 garbage-first heap   total 69632K, used 53576K [0x0000000080000000, 0x0000000100000000)
  region size 1024K, 1 young (1024K), 1 survivors (1024K)
 Metaspace       used 29829K, capacity 30764K, committed 30896K, reserved 1075200K
  class space    used 3952K, capacity 4279K, committed 4352K, reserved 1048576K
}
Event: 33.174 GC heap before
{Heap before GC invocations=38 (full 0):
 garbage-first heap   total 69632K, used 58696K [0x0000000080000000, 0x0000000100000000)
  region size 1024K, 6 young (6144K), 1 survivors (1024K)
 Metaspace       used 30454K, capacity 31323K, committed 31536K, reserved 1077248K
  class space    used 4045K, capacity 4380K, committed 4480K, reserved 1048576K
}
Event: 33.179 GC heap after
{Heap after GC invocations=39 (full 0):
 garbage-first heap   total 113664K, used 53835K [0x0000000080000000, 0x0000000100000000)
  region size 1024K, 1 young (1024K), 1 survivors (1024K)
 Metaspace       used 30454K, capacity 31323K, committed 31536K, reserved 1077248K
  class space    used 4045K, capacity 4380K, committed 4480K, reserved 1048576K
}
Event: 34.807 GC heap before
{Heap before GC invocations=39 (full 0):
 garbage-first heap   total 113664K, used 80459K [0x0000000080000000, 0x0000000100000000)
  region size 1024K, 27 young (27648K), 1 survivors (1024K)
 Metaspace       used 32974K, capacity 33926K, committed 33968K, reserved 1079296K
  class space    used 4440K, capacity 4822K, committed 4864K, reserved 1048576K
}
Event: 34.815 GC heap after
{Heap after GC invocations=40 (full 0):
 garbage-first heap   total 113664K, used 54536K [0x0000000080000000, 0x0000000100000000)
  region size 1024K, 2 young (2048K), 2 survivors (2048K)
 Metaspace       used 32974K, capacity 33926K, committed 33968K, reserved 1079296K
  class space    used 4440K, capacity 4822K, committed 4864K, reserved 1048576K
}
Event: 41.975 GC heap before
{Heap before GC invocations=41 (full 0):
 garbage-first heap   total 113664K, used 81160K [0x0000000080000000, 0x0000000100000000)
  region size 1024K, 29 young (29696K), 2 survivors (2048K)
 Metaspace       used 39887K, capacity 40995K, committed 41136K, reserved 1085440K
  class space    used 5151K, capacity 5581K, committed 5632K, reserved 1048576K
}
Event: 41.991 GC heap after
{Heap after GC invocations=42 (full 0):
 garbage-first heap   total 113664K, used 57868K [0x0000000080000000, 0x0000000100000000)
  region size 1024K, 4 young (4096K), 4 survivors (4096K)
 Metaspace       used 39887K, capacity 40995K, committed 41136K, reserved 1085440K
  class space    used 5151K, capacity 5581K, committed 5632K, reserved 1048576K
}
Event: 43.407 GC heap before
{Heap before GC invocations=42 (full 0):
 garbage-first heap   total 113664K, used 82444K [0x0000000080000000, 0x0000000100000000)
  region size 1024K, 29 young (29696K), 4 survivors (4096K)
 Metaspace       used 40425K, capacity 41561K, committed 41648K, reserved 1085440K
  class space    used 5194K, capacity 5616K, committed 5632K, reserved 1048576K
}
Event: 43.441 GC heap after
{Heap after GC invocations=43 (full 0):
 garbage-first heap   total 113664K, used 61428K [0x0000000080000000, 0x0000000100000000)
  region size 1024K, 4 young (4096K), 4 survivors (4096K)
 Metaspace       used 40425K, capacity 41561K, committed 41648K, reserved 1085440K
  class space    used 5194K, capacity 5616K, committed 5632K, reserved 1048576K
}
Event: 45.994 GC heap before
{Heap before GC invocations=44 (full 0):
 garbage-first heap   total 113664K, used 90100K [0x0000000080000000, 0x0000000100000000)
  region size 1024K, 29 young (29696K), 4 survivors (4096K)
 Metaspace       used 43096K, capacity 44222K, committed 44336K, reserved 1087488K
  class space    used 5496K, capacity 5925K, committed 6016K, reserved 1048576K
}

