# JRE version: OpenJDK Runtime Environment (11.0.15) (build 11.0.15+0-b2043.56-9505619)
# Java VM: OpenJDK 64-Bit Server VM (11.0.15+0-b2043.56-9505619, mixed mode, tiered, compressed oops, g1 gc, windows-amd64)
Heap:
 garbage-first heap   total 247808K, used 204538K [0x0000000080000000, 0x0000000100000000)
  region size 1024K, 17 young (17408K), 2 survivors (2048K)
 Metaspace       used 104325K, capacity 107669K, committed 107804K, reserved 1142784K
  class space    used 13208K, capacity 14432K, committed 14488K, reserved 1048576K
GC Heap History (20 events):
Event: 414.614 GC heap before
{Heap before GC invocations=90 (full 0):
 garbage-first heap   total 205824K, used 193579K [0x0000000080000000, 0x0000000100000000)
  region size 1024K, 10 young (10240K), 1 survivors (1024K)
 Metaspace       used 98239K, capacity 101472K, committed 101660K, reserved 1136640K
  class space    used 12640K, capacity 13856K, committed 13976K, reserved 1048576K
}
Event: 414.623 GC heap after
{Heap after GC invocations=91 (full 0):
 garbage-first heap   total 205824K, used 185856K [0x0000000080000000, 0x0000000100000000)
  region size 1024K, 2 young (2048K), 2 survivors (2048K)
 Metaspace       used 98239K, capacity 101472K, committed 101660K, reserved 1136640K
  class space    used 12640K, capacity 13856K, committed 13976K, reserved 1048576K
}
Event: 414.624 GC heap before
{Heap before GC invocations=91 (full 0):
 garbage-first heap   total 205824K, used 185856K [0x0000000080000000, 0x0000000100000000)
  region size 1024K, 3 young (3072K), 2 survivors (2048K)
 Metaspace       used 98239K, capacity 101472K, committed 101660K, reserved 1136640K
  class space    used 12640K, capacity 13856K, committed 13976K, reserved 1048576K
}
Event: 414.629 GC heap after
{Heap after GC invocations=92 (full 0):
 garbage-first heap   total 205824K, used 186180K [0x0000000080000000, 0x0000000100000000)
  region size 1024K, 2 young (2048K), 2 survivors (2048K)
 Metaspace       used 98239K, capacity 101472K, committed 101660K, reserved 1136640K
  class space    used 12640K, capacity 13856K, committed 13976K, reserved 1048576K
}
Event: 415.196 GC heap before
{Heap before GC invocations=93 (full 0):
 garbage-first heap   total 205824K, used 195396K [0x0000000080000000, 0x0000000100000000)
  region size 1024K, 10 young (10240K), 2 survivors (2048K)
 Metaspace       used 99665K, capacity 102947K, committed 103068K, reserved 1138688K
  class space    used 12747K, capacity 13984K, committed 14104K, reserved 1048576K
}
Event: 415.201 GC heap after
{Heap after GC invocations=94 (full 0):
 garbage-first heap   total 205824K, used 185770K [0x0000000080000000, 0x0000000100000000)
  region size 1024K, 1 young (1024K), 1 survivors (1024K)
 Metaspace       used 99665K, capacity 102947K, committed 103068K, reserved 1138688K
  class space    used 12747K, capacity 13984K, committed 14104K, reserved 1048576K
}
Event: 416.271 GC heap before
{Heap before GC invocations=94 (full 0):
 garbage-first heap   total 205824K, used 194986K [0x0000000080000000, 0x0000000100000000)
  region size 1024K, 10 young (10240K), 1 survivors (1024K)
 Metaspace       used 100505K, capacity 103763K, committed 103964K, reserved 1138688K
  class space    used 12853K, capacity 14085K, committed 14232K, reserved 1048576K
}
Event: 416.277 GC heap after
{Heap after GC invocations=95 (full 0):
 garbage-first heap   total 205824K, used 186097K [0x0000000080000000, 0x0000000100000000)
  region size 1024K, 1 young (1024K), 1 survivors (1024K)
 Metaspace       used 100505K, capacity 103763K, committed 103964K, reserved 1138688K
  class space    used 12853K, capacity 14085K, committed 14232K, reserved 1048576K
}
Event: 418.721 GC heap before
{Heap before GC invocations=96 (full 0):
 garbage-first heap   total 205824K, used 195313K [0x0000000080000000, 0x0000000100000000)
  region size 1024K, 10 young (10240K), 1 survivors (1024K)
 Metaspace       used 101595K, capacity 104894K, committed 104988K, reserved 1140736K
  class space    used 12968K, capacity 14195K, committed 14232K, reserved 1048576K
}
Event: 418.733 GC heap after
{Heap after GC invocations=97 (full 0):
 garbage-first heap   total 205824K, used 187258K [0x0000000080000000, 0x0000000100000000)
  region size 1024K, 2 young (2048K), 2 survivors (2048K)
 Metaspace       used 101595K, capacity 104894K, committed 104988K, reserved 1140736K
  class space    used 12968K, capacity 14195K, committed 14232K, reserved 1048576K
}
Event: 419.139 GC heap before
{Heap before GC invocations=97 (full 0):
 garbage-first heap   total 205824K, used 194426K [0x0000000080000000, 0x0000000100000000)
  region size 1024K, 10 young (10240K), 2 survivors (2048K)
 Metaspace       used 102779K, capacity 106174K, committed 106396K, reserved 1140736K
  class space    used 13088K, capacity 14323K, committed 14360K, reserved 1048576K
}
Event: 419.156 GC heap after
{Heap after GC invocations=98 (full 0):
 garbage-first heap   total 205824K, used 187228K [0x0000000080000000, 0x0000000100000000)
  region size 1024K, 1 young (1024K), 1 survivors (1024K)
 Metaspace       used 102779K, capacity 106174K, committed 106396K, reserved 1140736K
  class space    used 13088K, capacity 14323K, committed 14360K, reserved 1048576K
}
Event: 420.168 GC heap before
{Heap before GC invocations=98 (full 0):
 garbage-first heap   total 205824K, used 196444K [0x0000000080000000, 0x0000000100000000)
  region size 1024K, 10 young (10240K), 1 survivors (1024K)
 Metaspace       used 103880K, capacity 107222K, committed 107548K, reserved 1142784K
  class space    used 13158K, capacity 14393K, committed 14488K, reserved 1048576K
}
Event: 420.176 GC heap after
{Heap after GC invocations=99 (full 0):
 garbage-first heap   total 205824K, used 188112K [0x0000000080000000, 0x0000000100000000)
  region size 1024K, 2 young (2048K), 2 survivors (2048K)
 Metaspace       used 103880K, capacity 107222K, committed 107548K, reserved 1142784K
  class space    used 13158K, capacity 14393K, committed 14488K, reserved 1048576K
}
Event: 421.100 GC heap before
{Heap before GC invocations=100 (full 0):
 garbage-first heap   total 205824K, used 195280K [0x0000000080000000, 0x0000000100000000)
  region size 1024K, 10 young (10240K), 2 survivors (2048K)
 Metaspace       used 103945K, capacity 107365K, committed 107548K, reserved 1142784K
  class space    used 13164K, capacity 14396K, committed 14488K, reserved 1048576K
}
Event: 421.108 GC heap after
{Heap after GC invocations=101 (full 0):
 garbage-first heap   total 205824K, used 189461K [0x0000000080000000, 0x0000000100000000)
  region size 1024K, 2 young (2048K), 2 survivors (2048K)
 Metaspace       used 103945K, capacity 107365K, committed 107548K, reserved 1142784K
  class space    used 13164K, capacity 14396K, committed 14488K, reserved 1048576K
}
Event: 422.419 GC heap before
{Heap before GC invocations=101 (full 0):
 garbage-first heap   total 205824K, used 197653K [0x0000000080000000, 0x0000000100000000)
  region size 1024K, 10 young (10240K), 2 survivors (2048K)
 Metaspace       used 104048K, capacity 107429K, committed 107548K, reserved 1142784K
  class space    used 13177K, capacity 14396K, committed 14488K, reserved 1048576K
}
Event: 422.435 GC heap after
{Heap after GC invocations=102 (full 0):
 garbage-first heap   total 205824K, used 190797K [0x0000000080000000, 0x0000000100000000)
  region size 1024K, 2 young (2048K), 2 survivors (2048K)
 Metaspace       used 104048K, capacity 107429K, committed 107548K, reserved 1142784K
  class space    used 13177K, capacity 14396K, committed 14488K, reserved 1048576K
}
Event: 426.655 GC heap before
{Heap before GC invocations=102 (full 0):
 garbage-first heap   total 205824K, used 198989K [0x0000000080000000, 0x0000000100000000)
  region size 1024K, 10 young (10240K), 2 survivors (2048K)
 Metaspace       used 104252K, capacity 107597K, committed 107804K, reserved 1142784K
  class space    used 13201K, capacity 14430K, committed 14488K, reserved 1048576K
}
Event: 426.662 GC heap after
{Heap after GC invocations=103 (full 0):
 garbage-first heap   total 247808K, used 191226K [0x0000000080000000, 0x0000000100000000)
  region size 1024K, 2 young (2048K), 2 survivors (2048K)
 Metaspace       used 104252K, capacity 107597K, committed 107804K, reserved 1142784K
  class space    used 13201K, capacity 14430K, committed 14488K, reserved 1048576K
}

